<?xml version="1.0" encoding="UTF-8"?>
<!-- Generated by org.testng.reporters.JUnitReportReporter -->
<testsuite skipped="0" hostname="DESKTOP-8PF8VNH" name="com.abc.mainpackage.MagentoTest" tests="1" failures="0" timestamp="21 Jul 2019 07:16:48 GMT" time="35.255" errors="0">
  <testcase name="magentoTest" time="35.255" classname="com.abc.mainpackage.MagentoTest"/>
</testsuite> <!-- com.abc.mainpackage.MagentoTest -->
